<?xml version="1.0" encoding="UTF-8"?>
<TestRun id="c2b5a55e-9cb9-469a-9962-9e8486acc093" name="paulo@PAULO-HP 2014-01-21 12:40:52" runUser="paulo-HP\paulo" xmlns="http://microsoft.com/schemas/VisualStudio/TeamTest/2010">
  <TestSettings name="Local" id="6cbb6e20-5e4b-4b57-a53a-816d3f4418ad">
    <Description>These are default test settings for a local test run.</Description>
    <Deployment userDeploymentRoot="C:\Users\paulo\Documents\Visual Studio 2010\Projects\WhatsMyIp\TestResults" useDefaultDeploymentRoot="false" enabled="false" runDeploymentRoot="paulo_PAULO-HP 2014-01-21 12_40_52">
      <DeploymentItem filename="C:\Users\paulo\Documents\Visual Studio 2010\Projects\WhatsMyIp\BusinessLogicWhatsMyIp\bin\Debug\BusinessLogicWhatsMyIp.dll" />
      <DeploymentItem filename="C:\Users\paulo\Documents\Visual Studio 2010\Projects\WhatsMyIp\SvcIP\bin\Debug\SvcIP.exe" />
      <DeploymentItem filename="C:\Users\paulo\Documents\Visual Studio 2010\Projects\WhatsMyIp\Common\bin\Debug\Common.dll" />
    </Deployment>
    <Execution>
      <TestTypeSpecific />
      <AgentRule name="Execution Agents">
      </AgentRule>
    </Execution>
  </TestSettings>
  <Times creation="2014-01-21T12:40:52.4584199-03:00" queuing="2014-01-21T12:40:56.0436250-03:00" start="2014-01-21T12:40:56.4366475-03:00" finish="2014-01-21T12:44:38.8283676-03:00" />
  <ResultSummary outcome="Completed">
    <Counters total="1" executed="1" passed="1" error="0" failed="0" timeout="0" aborted="0" inconclusive="0" passedButRunAborted="0" notRunnable="0" notExecuted="0" disconnected="0" warning="0" completed="0" inProgress="0" pending="0" />
  </ResultSummary>
  <TestDefinitions>
    <UnitTest name="GetNetStatTest" storage="c:\users\paulo\documents\visual studio 2010\projects\whatsmyip\testwhatsmyip\bin\debug\testwhatsmyip.dll" id="54830637-d953-d20a-a67d-c9e091d00a85">
      <Execution id="3f0407a7-1064-459a-9252-39ba8576a342" />
      <TestMethod codeBase="C:/Users/paulo/Documents/Visual Studio 2010/Projects/WhatsMyIp/TestWhatsMyIP/bin/Debug/TestWhatsMyIP.DLL" adapterTypeName="Microsoft.VisualStudio.TestTools.TestTypes.Unit.UnitTestAdapter, Microsoft.VisualStudio.QualityTools.Tips.UnitTest.Adapter, Version=10.0.0.0, Culture=neutral, PublicKeyToken=b03f5f7f11d50a3a" className="TestWhatsMyIP.UtilsTest, TestWhatsMyIP, Version=1.0.0.0, Culture=neutral, PublicKeyToken=null" name="GetNetStatTest" />
    </UnitTest>
  </TestDefinitions>
  <TestLists>
    <TestList name="Results Not in a List" id="8c84fa94-04c1-424b-9868-57a2d4851a1d" />
    <TestList name="All Loaded Results" id="19431567-8539-422a-85d7-44ee4e166bda" />
  </TestLists>
  <TestEntries>
    <TestEntry testId="54830637-d953-d20a-a67d-c9e091d00a85" executionId="3f0407a7-1064-459a-9252-39ba8576a342" testListId="8c84fa94-04c1-424b-9868-57a2d4851a1d" />
  </TestEntries>
  <Results>
    <UnitTestResult executionId="3f0407a7-1064-459a-9252-39ba8576a342" testId="54830637-d953-d20a-a67d-c9e091d00a85" testName="GetNetStatTest" computerName="PAULO-HP" duration="00:03:40.1701371" startTime="2014-01-21T12:40:56.7536656-03:00" endTime="2014-01-21T12:44:38.5653525-03:00" testType="13cdc9d9-ddb5-4fa4-a97d-d965ccfc6d4b" outcome="Passed" testListId="8c84fa94-04c1-424b-9868-57a2d4851a1d" relativeResultsDirectory="3f0407a7-1064-459a-9252-39ba8576a342">
    </UnitTestResult>
  </Results>
</TestRun>