<?xml version="1.0" encoding="UTF-8"?>
<TestRun id="b1b18219-a054-4b1a-802e-76be60779654" name="paulo@PAULO-HP 2014-01-21 14:42:32" runUser="paulo-HP\paulo" xmlns="http://microsoft.com/schemas/VisualStudio/TeamTest/2010">
  <TestSettings name="Local" id="6cbb6e20-5e4b-4b57-a53a-816d3f4418ad">
    <Description>These are default test settings for a local test run.</Description>
    <Deployment enabled="false" runDeploymentRoot="paulo_PAULO-HP 2014-01-21 14_42_32">
      <DeploymentItem filename="C:\Users\paulo\Documents\Visual Studio 2010\Projects\WhatsMyIp\BusinessLogicWhatsMyIp\bin\Debug\BusinessLogicWhatsMyIp.dll" />
      <DeploymentItem filename="C:\Users\paulo\Documents\Visual Studio 2010\Projects\WhatsMyIp\SvcIP\bin\Debug\SvcIP.exe" />
      <DeploymentItem filename="C:\Users\paulo\Documents\Visual Studio 2010\Projects\WhatsMyIp\Common\bin\Debug\Common.dll" />
    </Deployment>
    <Execution>
      <TestTypeSpecific />
      <AgentRule name="Execution Agents">
      </AgentRule>
    </Execution>
  </TestSettings>
  <Times creation="2014-01-21T14:42:32.1299373-03:00" queuing="2014-01-21T14:42:34.5420752-03:00" start="2014-01-21T14:42:34.9420981-03:00" finish="2014-01-21T14:44:47.1626607-03:00" />
  <ResultSummary outcome="Failed">
    <Counters total="1" executed="1" error="0" failed="1" timeout="0" aborted="0" inconclusive="0" passedButRunAborted="0" notRunnable="0" notExecuted="0" disconnected="0" warning="0" passed="0" completed="0" inProgress="0" pending="0" />
  </ResultSummary>
  <TestDefinitions>
    <UnitTest name="GetAllIPInfoTest" storage="c:\users\paulo\documents\visual studio 2010\projects\whatsmyip\testwhatsmyip\bin\debug\testwhatsmyip.dll" id="5e24e864-5a47-07d9-9c53-23d1d4c27023">
      <Execution id="c2a8f932-e34c-4fdc-980c-021ae87bc4de" />
      <TestMethod codeBase="C:/Users/paulo/Documents/Visual Studio 2010/Projects/WhatsMyIp/TestWhatsMyIP/bin/Debug/TestWhatsMyIP.DLL" adapterTypeName="Microsoft.VisualStudio.TestTools.TestTypes.Unit.UnitTestAdapter, Microsoft.VisualStudio.QualityTools.Tips.UnitTest.Adapter, Version=10.0.0.0, Culture=neutral, PublicKeyToken=b03f5f7f11d50a3a" className="TestWhatsMyIP.UtilsTest, TestWhatsMyIP, Version=1.0.0.0, Culture=neutral, PublicKeyToken=null" name="GetAllIPInfoTest" />
    </UnitTest>
  </TestDefinitions>
  <TestLists>
    <TestList name="Results Not in a List" id="8c84fa94-04c1-424b-9868-57a2d4851a1d" />
    <TestList name="All Loaded Results" id="19431567-8539-422a-85d7-44ee4e166bda" />
  </TestLists>
  <TestEntries>
    <TestEntry testId="5e24e864-5a47-07d9-9c53-23d1d4c27023" executionId="c2a8f932-e34c-4fdc-980c-021ae87bc4de" testListId="8c84fa94-04c1-424b-9868-57a2d4851a1d" />
  </TestEntries>
  <Results>
    <UnitTestResult executionId="c2a8f932-e34c-4fdc-980c-021ae87bc4de" testId="5e24e864-5a47-07d9-9c53-23d1d4c27023" testName="GetAllIPInfoTest" computerName="PAULO-HP" duration="00:02:10.4875576" startTime="2014-01-21T14:42:35.2021130-03:00" endTime="2014-01-21T14:44:46.8446425-03:00" testType="13cdc9d9-ddb5-4fa4-a97d-d965ccfc6d4b" outcome="Failed" testListId="8c84fa94-04c1-424b-9868-57a2d4851a1d" relativeResultsDirectory="c2a8f932-e34c-4fdc-980c-021ae87bc4de">
      <Output>
        <ErrorInfo>
          <Message>Test method TestWhatsMyIP.UtilsTest.GetAllIPInfoTest threw exception: 
System.InvalidOperationException: Sólo se puede llamar al método en un tipo para el que Type.IsGenericParameter es true.</Message>
          <StackTrace>    en System.RuntimeType.get_GenericParameterPosition()
</StackTrace>
        </ErrorInfo>
      </Output>
    </UnitTestResult>
  </Results>
</TestRun>