<?xml version="1.0" encoding="UTF-8"?>
<TestRun id="ca30fe92-42db-4ce3-98d9-2d63d7fb89af" name="paulo@PAULO-HP 2014-01-21 12:55:51" runUser="paulo-HP\paulo" xmlns="http://microsoft.com/schemas/VisualStudio/TeamTest/2010">
  <TestSettings name="Local" id="6cbb6e20-5e4b-4b57-a53a-816d3f4418ad">
    <Description>These are default test settings for a local test run.</Description>
    <Deployment enabled="false" runDeploymentRoot="paulo_PAULO-HP 2014-01-21 12_55_51">
      <DeploymentItem filename="C:\Users\paulo\Documents\Visual Studio 2010\Projects\WhatsMyIp\BusinessLogicWhatsMyIp\bin\Debug\BusinessLogicWhatsMyIp.dll" />
      <DeploymentItem filename="C:\Users\paulo\Documents\Visual Studio 2010\Projects\WhatsMyIp\SvcIP\bin\Debug\SvcIP.exe" />
      <DeploymentItem filename="C:\Users\paulo\Documents\Visual Studio 2010\Projects\WhatsMyIp\Common\bin\Debug\Common.dll" />
    </Deployment>
    <Execution>
      <TestTypeSpecific />
      <AgentRule name="Execution Agents">
      </AgentRule>
    </Execution>
  </TestSettings>
  <Times creation="2014-01-21T12:55:51.6948533-03:00" queuing="2014-01-21T12:55:52.1528795-03:00" start="2014-01-21T12:55:52.2278838-03:00" finish="2014-01-21T12:56:03.8355477-03:00" />
  <ResultSummary outcome="Completed">
    <Counters total="1" executed="1" passed="1" error="0" failed="0" timeout="0" aborted="0" inconclusive="0" passedButRunAborted="0" notRunnable="0" notExecuted="0" disconnected="0" warning="0" completed="0" inProgress="0" pending="0" />
  </ResultSummary>
  <TestDefinitions>
    <UnitTest name="CheckNewPublicIPAdressTest" storage="c:\users\paulo\documents\visual studio 2010\projects\whatsmyip\testwhatsmyip\bin\debug\testwhatsmyip.dll" id="20469ab2-acc5-2da1-f1bf-3bd34d718525">
      <Execution id="3c988152-85c1-4379-bf35-b48a9689ce15" />
      <TestMethod codeBase="C:/Users/paulo/Documents/Visual Studio 2010/Projects/WhatsMyIp/TestWhatsMyIP/bin/Debug/TestWhatsMyIP.DLL" adapterTypeName="Microsoft.VisualStudio.TestTools.TestTypes.Unit.UnitTestAdapter, Microsoft.VisualStudio.QualityTools.Tips.UnitTest.Adapter, Version=10.0.0.0, Culture=neutral, PublicKeyToken=b03f5f7f11d50a3a" className="TestWhatsMyIP.BusinessTest, TestWhatsMyIP, Version=1.0.0.0, Culture=neutral, PublicKeyToken=null" name="CheckNewPublicIPAdressTest" />
    </UnitTest>
  </TestDefinitions>
  <TestLists>
    <TestList name="Results Not in a List" id="8c84fa94-04c1-424b-9868-57a2d4851a1d" />
    <TestList name="All Loaded Results" id="19431567-8539-422a-85d7-44ee4e166bda" />
  </TestLists>
  <TestEntries>
    <TestEntry testId="20469ab2-acc5-2da1-f1bf-3bd34d718525" executionId="3c988152-85c1-4379-bf35-b48a9689ce15" testListId="8c84fa94-04c1-424b-9868-57a2d4851a1d" />
  </TestEntries>
  <Results>
    <UnitTestResult executionId="3c988152-85c1-4379-bf35-b48a9689ce15" testId="20469ab2-acc5-2da1-f1bf-3bd34d718525" testName="CheckNewPublicIPAdressTest" computerName="PAULO-HP" duration="00:00:11.0076908" startTime="2014-01-21T12:55:52.2378844-03:00" endTime="2014-01-21T12:56:03.7885450-03:00" testType="13cdc9d9-ddb5-4fa4-a97d-d965ccfc6d4b" outcome="Passed" testListId="8c84fa94-04c1-424b-9868-57a2d4851a1d" relativeResultsDirectory="3c988152-85c1-4379-bf35-b48a9689ce15">
    </UnitTestResult>
  </Results>
</TestRun>