<?xml version="1.0" encoding="UTF-8"?>
<TestRun id="62f30dd4-7513-49b5-b0ff-cf18ffb9416c" name="paulo@PAULO-HP 2014-03-15 16:02:00" runUser="paulo-HP\paulo" xmlns="http://microsoft.com/schemas/VisualStudio/TeamTest/2010">
  <TestSettings name="Local" id="6cbb6e20-5e4b-4b57-a53a-816d3f4418ad">
    <Description>These are default test settings for a local test run.</Description>
    <Deployment enabled="false" runDeploymentRoot="paulo_PAULO-HP 2014-03-15 16_02_00">
      <DeploymentItem filename="C:\Users\paulo\Documents\Visual Studio 2010\Projects\WhatsMyIpSpammer\BusinessLogicWhatsMyIp\bin\Debug\BusinessLogicWhatsMyIp.dll" />
      <DeploymentItem filename="C:\Users\paulo\Documents\Visual Studio 2010\Projects\WhatsMyIpSpammer\SvcIP\bin\Debug\SvcIP.exe" />
      <DeploymentItem filename="C:\Users\paulo\Documents\Visual Studio 2010\Projects\WhatsMyIpSpammer\Common\bin\Debug\Common.dll" />
    </Deployment>
    <Execution>
      <TestTypeSpecific />
      <AgentRule name="Execution Agents">
      </AgentRule>
    </Execution>
  </TestSettings>
  <Times creation="2014-03-15T16:02:00.4542611-03:00" queuing="2014-03-15T16:02:02.9164019-03:00" start="2014-03-15T16:02:03.2274197-03:00" finish="2014-03-15T16:02:10.3618278-03:00" />
  <ResultSummary outcome="Error">
    <Counters total="9" executed="1" error="0" failed="0" timeout="0" aborted="1" inconclusive="0" passedButRunAborted="0" notRunnable="0" notExecuted="8" disconnected="0" warning="0" passed="0" completed="0" inProgress="0" pending="0" />
    <RunInfos>
      <RunInfo computerName="PAULO-HP" outcome="Error" timestamp="2014-03-15T16:02:10.2748228-03:00">
        <Text>Test host process exited unexpectedly.</Text>
      </RunInfo>
    </RunInfos>
  </ResultSummary>
  <TestDefinitions>
    <UnitTest name="CheckNewPublicIPAdressTest" storage="c:\users\paulo\documents\visual studio 2010\projects\whatsmyipspammer\testwhatsmyip\bin\debug\testwhatsmyip.dll" id="20469ab2-acc5-2da1-f1bf-3bd34d718525">
      <Execution id="cc2d5a43-15df-4261-bf18-7bb0df057095" />
      <TestMethod codeBase="C:/Users/paulo/Documents/Visual Studio 2010/Projects/WhatsMyIpSpammer/TestWhatsMyIP/bin/Debug/TestWhatsMyIP.DLL" adapterTypeName="Microsoft.VisualStudio.TestTools.TestTypes.Unit.UnitTestAdapter, Microsoft.VisualStudio.QualityTools.Tips.UnitTest.Adapter, Version=10.0.0.0, Culture=neutral, PublicKeyToken=b03f5f7f11d50a3a" className="TestWhatsMyIP.BusinessTest, TestWhatsMyIP, Version=1.0.0.0, Culture=neutral, PublicKeyToken=null" name="CheckNewPublicIPAdressTest" />
    </UnitTest>
    <UnitTest name="GetIPGlobalPropertiesTest" storage="c:\users\paulo\documents\visual studio 2010\projects\whatsmyipspammer\testwhatsmyip\bin\debug\testwhatsmyip.dll" id="8ba27934-df99-88ed-d429-d048086397c3">
      <Execution id="a2e799e9-b871-4c0b-8a2d-e93a8e74fa07" />
      <TestMethod codeBase="C:/Users/paulo/Documents/Visual Studio 2010/Projects/WhatsMyIpSpammer/TestWhatsMyIP/bin/Debug/TestWhatsMyIP.DLL" adapterTypeName="Microsoft.VisualStudio.TestTools.TestTypes.Unit.UnitTestAdapter, Microsoft.VisualStudio.QualityTools.Tips.UnitTest.Adapter, Version=10.0.0.0, Culture=neutral, PublicKeyToken=b03f5f7f11d50a3a" className="TestWhatsMyIP.UtilsTest, TestWhatsMyIP, Version=1.0.0.0, Culture=neutral, PublicKeyToken=null" name="GetIPGlobalPropertiesTest" />
    </UnitTest>
    <UnitTest name="GetLocalIPTest" storage="c:\users\paulo\documents\visual studio 2010\projects\whatsmyipspammer\testwhatsmyip\bin\debug\testwhatsmyip.dll" id="1fc8b5c4-179e-ce15-381f-fc0608e7bf41">
      <Execution id="a06a9eb0-b937-485a-b1dc-317753551932" />
      <TestMethod codeBase="C:/Users/paulo/Documents/Visual Studio 2010/Projects/WhatsMyIpSpammer/TestWhatsMyIP/bin/Debug/TestWhatsMyIP.DLL" adapterTypeName="Microsoft.VisualStudio.TestTools.TestTypes.Unit.UnitTestAdapter, Microsoft.VisualStudio.QualityTools.Tips.UnitTest.Adapter, Version=10.0.0.0, Culture=neutral, PublicKeyToken=b03f5f7f11d50a3a" className="TestWhatsMyIP.UtilsTest, TestWhatsMyIP, Version=1.0.0.0, Culture=neutral, PublicKeyToken=null" name="GetLocalIPTest" />
    </UnitTest>
    <UnitTest name="GetNetStatTest" storage="c:\users\paulo\documents\visual studio 2010\projects\whatsmyipspammer\testwhatsmyip\bin\debug\testwhatsmyip.dll" id="54830637-d953-d20a-a67d-c9e091d00a85">
      <Execution id="ca17aca9-3c9b-4846-aabc-3ae5ed2bfced" />
      <TestMethod codeBase="C:/Users/paulo/Documents/Visual Studio 2010/Projects/WhatsMyIpSpammer/TestWhatsMyIP/bin/Debug/TestWhatsMyIP.DLL" adapterTypeName="Microsoft.VisualStudio.TestTools.TestTypes.Unit.UnitTestAdapter, Microsoft.VisualStudio.QualityTools.Tips.UnitTest.Adapter, Version=10.0.0.0, Culture=neutral, PublicKeyToken=b03f5f7f11d50a3a" className="TestWhatsMyIP.UtilsTest, TestWhatsMyIP, Version=1.0.0.0, Culture=neutral, PublicKeyToken=null" name="GetNetStatTest" />
    </UnitTest>
    <UnitTest name="GetAllIPInfoTest" storage="c:\users\paulo\documents\visual studio 2010\projects\whatsmyipspammer\testwhatsmyip\bin\debug\testwhatsmyip.dll" id="5e24e864-5a47-07d9-9c53-23d1d4c27023">
      <Execution id="a29c8f6a-2f72-4e12-b5de-8b541f147800" />
      <TestMethod codeBase="C:/Users/paulo/Documents/Visual Studio 2010/Projects/WhatsMyIpSpammer/TestWhatsMyIP/bin/Debug/TestWhatsMyIP.DLL" adapterTypeName="Microsoft.VisualStudio.TestTools.TestTypes.Unit.UnitTestAdapter, Microsoft.VisualStudio.QualityTools.Tips.UnitTest.Adapter, Version=10.0.0.0, Culture=neutral, PublicKeyToken=b03f5f7f11d50a3a" className="TestWhatsMyIP.UtilsTest, TestWhatsMyIP, Version=1.0.0.0, Culture=neutral, PublicKeyToken=null" name="GetAllIPInfoTest" />
    </UnitTest>
    <UnitTest name="GetGeoLocationIPTest" storage="c:\users\paulo\documents\visual studio 2010\projects\whatsmyipspammer\testwhatsmyip\bin\debug\testwhatsmyip.dll" id="0c3b5acd-8bcb-f4c7-7100-3962df9d85bb">
      <Execution id="81d21171-0987-47d1-994d-58afde1c7bc2" />
      <TestMethod codeBase="C:/Users/paulo/Documents/Visual Studio 2010/Projects/WhatsMyIpSpammer/TestWhatsMyIP/bin/Debug/TestWhatsMyIP.DLL" adapterTypeName="Microsoft.VisualStudio.TestTools.TestTypes.Unit.UnitTestAdapter, Microsoft.VisualStudio.QualityTools.Tips.UnitTest.Adapter, Version=10.0.0.0, Culture=neutral, PublicKeyToken=b03f5f7f11d50a3a" className="TestWhatsMyIP.UtilsTest, TestWhatsMyIP, Version=1.0.0.0, Culture=neutral, PublicKeyToken=null" name="GetGeoLocationIPTest" />
    </UnitTest>
    <UnitTest name="GetGlobalIPTest" storage="c:\users\paulo\documents\visual studio 2010\projects\whatsmyipspammer\testwhatsmyip\bin\debug\testwhatsmyip.dll" id="6c2d485c-7761-b44b-ae3e-394c84cf8f85">
      <Execution id="7edbdf09-e74e-45ca-b8dd-f667b5ca91da" />
      <TestMethod codeBase="C:/Users/paulo/Documents/Visual Studio 2010/Projects/WhatsMyIpSpammer/TestWhatsMyIP/bin/Debug/TestWhatsMyIP.DLL" adapterTypeName="Microsoft.VisualStudio.TestTools.TestTypes.Unit.UnitTestAdapter, Microsoft.VisualStudio.QualityTools.Tips.UnitTest.Adapter, Version=10.0.0.0, Culture=neutral, PublicKeyToken=b03f5f7f11d50a3a" className="TestWhatsMyIP.UtilsTest, TestWhatsMyIP, Version=1.0.0.0, Culture=neutral, PublicKeyToken=null" name="GetGlobalIPTest" />
    </UnitTest>
    <UnitTest name="SendMailTest" storage="c:\users\paulo\documents\visual studio 2010\projects\whatsmyipspammer\testwhatsmyip\bin\debug\testwhatsmyip.dll" id="6195fb63-df6d-b0f3-ccc8-709c4fba0e33">
      <Execution id="8f4a09d4-54c9-4325-b552-1a03a1c5f534" />
      <TestMethod codeBase="C:/Users/paulo/Documents/Visual Studio 2010/Projects/WhatsMyIpSpammer/TestWhatsMyIP/bin/Debug/TestWhatsMyIP.DLL" adapterTypeName="Microsoft.VisualStudio.TestTools.TestTypes.Unit.UnitTestAdapter, Microsoft.VisualStudio.QualityTools.Tips.UnitTest.Adapter, Version=10.0.0.0, Culture=neutral, PublicKeyToken=b03f5f7f11d50a3a" className="TestWhatsMyIP.UtilsTest, TestWhatsMyIP, Version=1.0.0.0, Culture=neutral, PublicKeyToken=null" name="SendMailTest" />
    </UnitTest>
    <UnitTest name="GetMailsFromFileTest" storage="c:\users\paulo\documents\visual studio 2010\projects\whatsmyipspammer\testwhatsmyip\bin\debug\testwhatsmyip.dll" id="25fcd906-e77b-191c-a018-5b5d61d8dcc0">
      <Execution id="79fdf4d2-4fde-4c3d-b691-7531829998ec" />
      <TestMethod codeBase="C:/Users/paulo/Documents/Visual Studio 2010/Projects/WhatsMyIpSpammer/TestWhatsMyIP/bin/Debug/TestWhatsMyIP.DLL" adapterTypeName="Microsoft.VisualStudio.TestTools.TestTypes.Unit.UnitTestAdapter, Microsoft.VisualStudio.QualityTools.Tips.UnitTest.Adapter, Version=10.0.0.0, Culture=neutral, PublicKeyToken=b03f5f7f11d50a3a" className="TestWhatsMyIP.UtilsTest, TestWhatsMyIP, Version=1.0.0.0, Culture=neutral, PublicKeyToken=null" name="GetMailsFromFileTest" />
    </UnitTest>
  </TestDefinitions>
  <TestLists>
    <TestList name="Results Not in a List" id="8c84fa94-04c1-424b-9868-57a2d4851a1d" />
    <TestList name="All Loaded Results" id="19431567-8539-422a-85d7-44ee4e166bda" />
  </TestLists>
  <TestEntries>
    <TestEntry testId="0c3b5acd-8bcb-f4c7-7100-3962df9d85bb" executionId="81d21171-0987-47d1-994d-58afde1c7bc2" testListId="8c84fa94-04c1-424b-9868-57a2d4851a1d" />
    <TestEntry testId="1fc8b5c4-179e-ce15-381f-fc0608e7bf41" executionId="a06a9eb0-b937-485a-b1dc-317753551932" testListId="8c84fa94-04c1-424b-9868-57a2d4851a1d" />
    <TestEntry testId="20469ab2-acc5-2da1-f1bf-3bd34d718525" executionId="cc2d5a43-15df-4261-bf18-7bb0df057095" testListId="8c84fa94-04c1-424b-9868-57a2d4851a1d" />
    <TestEntry testId="25fcd906-e77b-191c-a018-5b5d61d8dcc0" executionId="79fdf4d2-4fde-4c3d-b691-7531829998ec" testListId="8c84fa94-04c1-424b-9868-57a2d4851a1d" />
    <TestEntry testId="54830637-d953-d20a-a67d-c9e091d00a85" executionId="ca17aca9-3c9b-4846-aabc-3ae5ed2bfced" testListId="8c84fa94-04c1-424b-9868-57a2d4851a1d" />
    <TestEntry testId="5e24e864-5a47-07d9-9c53-23d1d4c27023" executionId="a29c8f6a-2f72-4e12-b5de-8b541f147800" testListId="8c84fa94-04c1-424b-9868-57a2d4851a1d" />
    <TestEntry testId="6195fb63-df6d-b0f3-ccc8-709c4fba0e33" executionId="8f4a09d4-54c9-4325-b552-1a03a1c5f534" testListId="8c84fa94-04c1-424b-9868-57a2d4851a1d" />
    <TestEntry testId="6c2d485c-7761-b44b-ae3e-394c84cf8f85" executionId="7edbdf09-e74e-45ca-b8dd-f667b5ca91da" testListId="8c84fa94-04c1-424b-9868-57a2d4851a1d" />
    <TestEntry testId="8ba27934-df99-88ed-d429-d048086397c3" executionId="a2e799e9-b871-4c0b-8a2d-e93a8e74fa07" testListId="8c84fa94-04c1-424b-9868-57a2d4851a1d" />
  </TestEntries>
  <Results>
    <UnitTestResult executionId="81d21171-0987-47d1-994d-58afde1c7bc2" testId="0c3b5acd-8bcb-f4c7-7100-3962df9d85bb" testName="GetGeoLocationIPTest" computerName="PAULO-HP" duration="00:00:06.8833937" startTime="2014-03-15T16:02:03.4164305-03:00" endTime="2014-03-15T16:02:10.2998242-03:00" testType="13cdc9d9-ddb5-4fa4-a97d-d965ccfc6d4b" outcome="Aborted" testListId="8c84fa94-04c1-424b-9868-57a2d4851a1d" relativeResultsDirectory="81d21171-0987-47d1-994d-58afde1c7bc2">
    </UnitTestResult>
    <UnitTestResult executionId="a06a9eb0-b937-485a-b1dc-317753551932" testId="1fc8b5c4-179e-ce15-381f-fc0608e7bf41" testName="GetLocalIPTest" computerName="PAULO-HP" testType="13cdc9d9-ddb5-4fa4-a97d-d965ccfc6d4b" outcome="NotExecuted" testListId="8c84fa94-04c1-424b-9868-57a2d4851a1d" relativeResultsDirectory="a06a9eb0-b937-485a-b1dc-317753551932">
    </UnitTestResult>
    <UnitTestResult executionId="cc2d5a43-15df-4261-bf18-7bb0df057095" testId="20469ab2-acc5-2da1-f1bf-3bd34d718525" testName="CheckNewPublicIPAdressTest" computerName="PAULO-HP" testType="13cdc9d9-ddb5-4fa4-a97d-d965ccfc6d4b" outcome="NotExecuted" testListId="8c84fa94-04c1-424b-9868-57a2d4851a1d" relativeResultsDirectory="cc2d5a43-15df-4261-bf18-7bb0df057095">
    </UnitTestResult>
    <UnitTestResult executionId="79fdf4d2-4fde-4c3d-b691-7531829998ec" testId="25fcd906-e77b-191c-a018-5b5d61d8dcc0" testName="GetMailsFromFileTest" computerName="PAULO-HP" testType="13cdc9d9-ddb5-4fa4-a97d-d965ccfc6d4b" outcome="NotExecuted" testListId="8c84fa94-04c1-424b-9868-57a2d4851a1d" relativeResultsDirectory="79fdf4d2-4fde-4c3d-b691-7531829998ec">
    </UnitTestResult>
    <UnitTestResult executionId="ca17aca9-3c9b-4846-aabc-3ae5ed2bfced" testId="54830637-d953-d20a-a67d-c9e091d00a85" testName="GetNetStatTest" computerName="PAULO-HP" testType="13cdc9d9-ddb5-4fa4-a97d-d965ccfc6d4b" outcome="NotExecuted" testListId="8c84fa94-04c1-424b-9868-57a2d4851a1d" relativeResultsDirectory="ca17aca9-3c9b-4846-aabc-3ae5ed2bfced">
    </UnitTestResult>
    <UnitTestResult executionId="a29c8f6a-2f72-4e12-b5de-8b541f147800" testId="5e24e864-5a47-07d9-9c53-23d1d4c27023" testName="GetAllIPInfoTest" computerName="PAULO-HP" testType="13cdc9d9-ddb5-4fa4-a97d-d965ccfc6d4b" outcome="NotExecuted" testListId="8c84fa94-04c1-424b-9868-57a2d4851a1d" relativeResultsDirectory="a29c8f6a-2f72-4e12-b5de-8b541f147800">
    </UnitTestResult>
    <UnitTestResult executionId="8f4a09d4-54c9-4325-b552-1a03a1c5f534" testId="6195fb63-df6d-b0f3-ccc8-709c4fba0e33" testName="SendMailTest" computerName="PAULO-HP" testType="13cdc9d9-ddb5-4fa4-a97d-d965ccfc6d4b" outcome="NotExecuted" testListId="8c84fa94-04c1-424b-9868-57a2d4851a1d" relativeResultsDirectory="8f4a09d4-54c9-4325-b552-1a03a1c5f534">
    </UnitTestResult>
    <UnitTestResult executionId="7edbdf09-e74e-45ca-b8dd-f667b5ca91da" testId="6c2d485c-7761-b44b-ae3e-394c84cf8f85" testName="GetGlobalIPTest" computerName="PAULO-HP" testType="13cdc9d9-ddb5-4fa4-a97d-d965ccfc6d4b" outcome="NotExecuted" testListId="8c84fa94-04c1-424b-9868-57a2d4851a1d" relativeResultsDirectory="7edbdf09-e74e-45ca-b8dd-f667b5ca91da">
    </UnitTestResult>
    <UnitTestResult executionId="a2e799e9-b871-4c0b-8a2d-e93a8e74fa07" testId="8ba27934-df99-88ed-d429-d048086397c3" testName="GetIPGlobalPropertiesTest" computerName="PAULO-HP" testType="13cdc9d9-ddb5-4fa4-a97d-d965ccfc6d4b" outcome="NotExecuted" testListId="8c84fa94-04c1-424b-9868-57a2d4851a1d" relativeResultsDirectory="a2e799e9-b871-4c0b-8a2d-e93a8e74fa07">
    </UnitTestResult>
  </Results>
</TestRun>