<?xml version="1.0" encoding="UTF-8"?>
<TestRun id="a7ccc5cc-9066-4f6e-8f85-555010e97496" name="paulo@PAULO-HP 2014-01-21 13:08:16" runUser="paulo-HP\paulo" xmlns="http://microsoft.com/schemas/VisualStudio/TeamTest/2010">
  <TestSettings name="Local" id="6cbb6e20-5e4b-4b57-a53a-816d3f4418ad">
    <Description>These are default test settings for a local test run.</Description>
    <Deployment enabled="false" runDeploymentRoot="paulo_PAULO-HP 2014-01-21 13_08_16">
      <DeploymentItem filename="C:\Users\paulo\Documents\Visual Studio 2010\Projects\WhatsMyIp\BusinessLogicWhatsMyIp\bin\Debug\BusinessLogicWhatsMyIp.dll" />
      <DeploymentItem filename="C:\Users\paulo\Documents\Visual Studio 2010\Projects\WhatsMyIp\SvcIP\bin\Debug\SvcIP.exe" />
      <DeploymentItem filename="C:\Users\paulo\Documents\Visual Studio 2010\Projects\WhatsMyIp\Common\bin\Debug\Common.dll" />
    </Deployment>
    <Execution>
      <TestTypeSpecific />
      <AgentRule name="Execution Agents">
      </AgentRule>
    </Execution>
  </TestSettings>
  <Times creation="2014-01-21T13:08:16.0434276-03:00" queuing="2014-01-21T13:08:18.0905447-03:00" start="2014-01-21T13:08:18.4235638-03:00" finish="2014-01-21T13:09:25.3823936-03:00" />
  <ResultSummary outcome="Error">
    <Counters total="1" executed="1" error="0" failed="0" timeout="0" aborted="1" inconclusive="0" passedButRunAborted="0" notRunnable="0" notExecuted="0" disconnected="0" warning="0" passed="0" completed="0" inProgress="0" pending="0" />
    <RunInfos>
      <RunInfo computerName="PAULO-HP" outcome="Error" timestamp="2014-01-21T13:09:25.3633925-03:00">
        <Text>Test host process exited unexpectedly.</Text>
      </RunInfo>
    </RunInfos>
  </ResultSummary>
  <TestDefinitions>
    <UnitTest name="CheckNewPublicIPAdressTest" storage="c:\users\paulo\documents\visual studio 2010\projects\whatsmyip\testwhatsmyip\bin\debug\testwhatsmyip.dll" id="20469ab2-acc5-2da1-f1bf-3bd34d718525">
      <Execution id="83197658-cd13-4bc7-bc3b-d43b52ff6f0e" />
      <TestMethod codeBase="C:/Users/paulo/Documents/Visual Studio 2010/Projects/WhatsMyIp/TestWhatsMyIP/bin/Debug/TestWhatsMyIP.DLL" adapterTypeName="Microsoft.VisualStudio.TestTools.TestTypes.Unit.UnitTestAdapter, Microsoft.VisualStudio.QualityTools.Tips.UnitTest.Adapter, Version=10.0.0.0, Culture=neutral, PublicKeyToken=b03f5f7f11d50a3a" className="TestWhatsMyIP.BusinessTest, TestWhatsMyIP, Version=1.0.0.0, Culture=neutral, PublicKeyToken=null" name="CheckNewPublicIPAdressTest" />
    </UnitTest>
  </TestDefinitions>
  <TestLists>
    <TestList name="Results Not in a List" id="8c84fa94-04c1-424b-9868-57a2d4851a1d" />
    <TestList name="All Loaded Results" id="19431567-8539-422a-85d7-44ee4e166bda" />
  </TestLists>
  <TestEntries>
    <TestEntry testId="20469ab2-acc5-2da1-f1bf-3bd34d718525" executionId="83197658-cd13-4bc7-bc3b-d43b52ff6f0e" testListId="8c84fa94-04c1-424b-9868-57a2d4851a1d" />
  </TestEntries>
  <Results>
    <UnitTestResult executionId="83197658-cd13-4bc7-bc3b-d43b52ff6f0e" testId="20469ab2-acc5-2da1-f1bf-3bd34d718525" testName="CheckNewPublicIPAdressTest" computerName="PAULO-HP" duration="00:01:06.7338170" startTime="2014-01-21T13:08:18.6485766-03:00" endTime="2014-01-21T13:09:25.3823936-03:00" testType="13cdc9d9-ddb5-4fa4-a97d-d965ccfc6d4b" outcome="Aborted" testListId="8c84fa94-04c1-424b-9868-57a2d4851a1d" relativeResultsDirectory="83197658-cd13-4bc7-bc3b-d43b52ff6f0e">
    </UnitTestResult>
  </Results>
</TestRun>