<?xml version="1.0" encoding="UTF-8"?>
<TestRun id="7a0a2d1a-2555-43c5-8f7e-b64a26fa62a1" name="paulo@PAULO-HP 2014-01-21 14:40:50" runUser="paulo-HP\paulo" xmlns="http://microsoft.com/schemas/VisualStudio/TeamTest/2010">
  <TestSettings name="Local" id="6cbb6e20-5e4b-4b57-a53a-816d3f4418ad">
    <Description>These are default test settings for a local test run.</Description>
    <Deployment enabled="false" runDeploymentRoot="paulo_PAULO-HP 2014-01-21 14_40_50">
      <DeploymentItem filename="C:\Users\paulo\Documents\Visual Studio 2010\Projects\WhatsMyIp\BusinessLogicWhatsMyIp\bin\Debug\BusinessLogicWhatsMyIp.dll" />
      <DeploymentItem filename="C:\Users\paulo\Documents\Visual Studio 2010\Projects\WhatsMyIp\SvcIP\bin\Debug\SvcIP.exe" />
      <DeploymentItem filename="C:\Users\paulo\Documents\Visual Studio 2010\Projects\WhatsMyIp\Common\bin\Debug\Common.dll" />
    </Deployment>
    <Execution>
      <TestTypeSpecific />
      <AgentRule name="Execution Agents">
      </AgentRule>
    </Execution>
  </TestSettings>
  <Times creation="2014-01-21T14:40:50.0270973-03:00" queuing="2014-01-21T14:40:53.3822892-03:00" start="2014-01-21T14:40:53.7243088-03:00" finish="2014-01-21T14:40:55.1643912-03:00" />
  <ResultSummary outcome="Completed">
    <Counters total="1" executed="1" passed="1" error="0" failed="0" timeout="0" aborted="0" inconclusive="0" passedButRunAborted="0" notRunnable="0" notExecuted="0" disconnected="0" warning="0" completed="0" inProgress="0" pending="0" />
  </ResultSummary>
  <TestDefinitions>
    <UnitTest name="GetNetStatTest" storage="c:\users\paulo\documents\visual studio 2010\projects\whatsmyip\testwhatsmyip\bin\debug\testwhatsmyip.dll" id="54830637-d953-d20a-a67d-c9e091d00a85">
      <Execution id="0181bc21-1c6f-4566-a3e9-e3b11ddef002" />
      <TestMethod codeBase="C:/Users/paulo/Documents/Visual Studio 2010/Projects/WhatsMyIp/TestWhatsMyIP/bin/Debug/TestWhatsMyIP.DLL" adapterTypeName="Microsoft.VisualStudio.TestTools.TestTypes.Unit.UnitTestAdapter, Microsoft.VisualStudio.QualityTools.Tips.UnitTest.Adapter, Version=10.0.0.0, Culture=neutral, PublicKeyToken=b03f5f7f11d50a3a" className="TestWhatsMyIP.UtilsTest, TestWhatsMyIP, Version=1.0.0.0, Culture=neutral, PublicKeyToken=null" name="GetNetStatTest" />
    </UnitTest>
  </TestDefinitions>
  <TestLists>
    <TestList name="Results Not in a List" id="8c84fa94-04c1-424b-9868-57a2d4851a1d" />
    <TestList name="All Loaded Results" id="19431567-8539-422a-85d7-44ee4e166bda" />
  </TestLists>
  <TestEntries>
    <TestEntry testId="54830637-d953-d20a-a67d-c9e091d00a85" executionId="0181bc21-1c6f-4566-a3e9-e3b11ddef002" testListId="8c84fa94-04c1-424b-9868-57a2d4851a1d" />
  </TestEntries>
  <Results>
    <UnitTestResult executionId="0181bc21-1c6f-4566-a3e9-e3b11ddef002" testId="54830637-d953-d20a-a67d-c9e091d00a85" testName="GetNetStatTest" computerName="PAULO-HP" duration="00:00:00.0455030" startTime="2014-01-21T14:40:53.9993245-03:00" endTime="2014-01-21T14:40:55.0593852-03:00" testType="13cdc9d9-ddb5-4fa4-a97d-d965ccfc6d4b" outcome="Passed" testListId="8c84fa94-04c1-424b-9868-57a2d4851a1d" relativeResultsDirectory="0181bc21-1c6f-4566-a3e9-e3b11ddef002">
    </UnitTestResult>
  </Results>
</TestRun>